#
# There is insufficient memory for the Java Runtime Environment to continue.
# Native memory allocation (malloc) failed to allocate 1048576 bytes for AllocateHeap
# Possible reasons:
#   The system is out of physical RAM or swap space
#   The process is running with CompressedOops enabled, and the Java Heap may be blocking the growth of the native heap
# Possible solutions:
#   Reduce memory load on the system
#   Increase physical memory or swap space
#   Check if swap backing store is full
#   Decrease Java heap size (-Xmx/-Xms)
#   Decrease number of Java threads
#   Decrease Java thread stack sizes (-Xss)
#   Set larger code cache with -XX:ReservedCodeCacheSize=
#   JVM is running with Unscaled Compressed Oops mode in which the Java heap is
#     placed in the first 4GB address space. The Java Heap base address is the
#     maximum limit for the native heap growth. Please use -XX:HeapBaseMinAddress
#     to set the Java Heap base and to place the Java Heap above 4GB virtual address.
# This output file may be truncated or incomplete.
#
#  Out of Memory Error (allocation.cpp:44), pid=1308, tid=1780
#
# JRE version:  (19.0.2+7) (build )
# Java VM: OpenJDK 64-Bit Server VM (19.0.2+7-FR, mixed mode, emulated-client, sharing, tiered, compressed oops, compressed class ptrs, g1 gc, windows-amd64)
# No core dump will be written. Minidumps are not enabled by default on client versions of Windows
#

---------------  S U M M A R Y ------------

Command Line: -XX:TieredStopAtLevel=1 -Dspring.output.ansi.enabled=always -Dcom.sun.management.jmxremote -Dspring.jmx.enabled=true -Dspring.liveBeansView.mbeanDomain -Dspring.application.admin.enabled=true -Dmanagement.endpoints.jmx.exposure.include=* -javaagent:C:\Program Files\JetBrains\IntelliJ IDEA 2023.2.1\lib\idea_rt.jar=54473:C:\Program Files\JetBrains\IntelliJ IDEA 2023.2.1\bin -Dfile.encoding=UTF-8 -Dsun.stdout.encoding=UTF-8 -Dsun.stderr.encoding=UTF-8 com.ufcg.psoft.commerce.CommerceApplication

Host: Intel(R) Core(TM) i3-7100 CPU @ 3.90GHz, 4 cores, 7G,  Windows 11 , 64 bit Build 22621 (10.0.22621.2070)
Time: Mon Nov  6 18:46:52 2023 E. South America Standard Time elapsed time: 32.946559 seconds (0d 0h 0m 32s)

---------------  T H R E A D  ---------------

Current thread (0x000001d68ed72c00):  JavaThread "Unknown thread" [_thread_in_vm, id=1780, stack(0x0000006408a00000,0x0000006408b00000)]

Stack: [0x0000006408a00000,0x0000006408b00000]
Native frames: (J=compiled Java code, j=interpreted, Vv=VM code, C=native code)
V  [jvm.dll+0x6d034a]
V  [jvm.dll+0x880f10]
V  [jvm.dll+0x88289e]
V  [jvm.dll+0x882f43]
V  [jvm.dll+0x27b4bb]
V  [jvm.dll+0xd7d9b]
V  [jvm.dll+0x32ec39]
V  [jvm.dll+0x327079]
V  [jvm.dll+0x84d530]
V  [jvm.dll+0x3ba241]
V  [jvm.dll+0x82f013]
V  [jvm.dll+0x43a3c3]
V  [jvm.dll+0x43bdf1]
C  [jli.dll+0x519f]
C  [ucrtbase.dll+0x29363]
C  [KERNEL32.DLL+0x126ad]
C  [ntdll.dll+0x5aa68]


---------------  P R O C E S S  ---------------

Threads class SMR info:
_java_thread_list=0x00007ffa3ceeace8, length=0, elements={
}

Java Threads: ( => current thread )

Other Threads:
  0x000001d68cd1c7a0 WorkerThread "GC Thread#0" [stack: 0x0000006408b00000,0x0000006408c00000] [id=3684]

[error occurred during error reporting (printing all threads), id 0xc0000005, EXCEPTION_ACCESS_VIOLATION (0xc0000005) at pc=0x00007ffa3c684700]

VM state: not at safepoint (not fully initialized)

VM Mutex/Monitor currently owned by a thread:  ([mutex/lock_event])
[0x000001d68ed71780] Heap_lock - owner thread: 0x000001d68ed72c00

Heap address: 0x0000000081200000, size: 2030 MB, Compressed Oops mode: 32-bit

CDS archive(s) mapped at: [0x0000000000000000-0x0000000000000000-0x0000000000000000), size 0, SharedBaseAddress: 0x0000000800000000, ArchiveRelocationMode: 0.
Narrow klass base: 0x0000000000000000, Narrow klass shift: 0, Narrow klass range: 0x0

GC Precious Log:
 CardTable entry size: 512
 Card Set container configuration: InlinePtr #cards 5 size 8 Array Of Cards #cards 12 size 40 Howl #buckets 4 coarsen threshold 1843 Howl Bitmap #cards 512 size 80 coarsen threshold 460 Card regions per heap region 1 cards per card region 2048

Heap:
 garbage-first heap   total 0K, used 0K [0x0000000081200000, 0x0000000100000000)
  region size 1024K, 0 young (0K), 0 survivors (0K)

[error occurred during error reporting (printing heap information), id 0xc0000005, EXCEPTION_ACCESS_VIOLATION (0xc0000005) at pc=0x00007ffa3ca78059]

GC Heap History (0 events):
No events

Dll operation events (1 events):
Event: 32.860 Loaded shared library C:\Users\Administrator\.jdks\corretto-19.0.2\bin\java.dll

Deoptimization events (0 events):
No events

Classes loaded (0 events):
No events

Classes unloaded (0 events):
No events

Classes redefined (0 events):
No events

Internal exceptions (0 events):
No events

VM Operations (0 events):
No events

Events (0 events):
No events


Dynamic libraries:
0x00007ff7bf890000 - 0x00007ff7bf89d000 	C:\Users\Administrator\.jdks\corretto-19.0.2\bin\java.exe
0x00007ffaa6050000 - 0x00007ffaa6264000 	C:\Windows\SYSTEM32\ntdll.dll
0x00007ffaa4520000 - 0x00007ffaa45e4000 	C:\Windows\System32\KERNEL32.DLL
0x00007ffaa37b0000 - 0x00007ffaa3b54000 	C:\Windows\System32\KERNELBASE.dll
0x00007ffaa3620000 - 0x00007ffaa3731000 	C:\Windows\System32\ucrtbase.dll
0x00007ffa63eb0000 - 0x00007ffa63ec7000 	C:\Users\Administrator\.jdks\corretto-19.0.2\bin\jli.dll
0x00007ffa63d40000 - 0x00007ffa63d55000 	C:\Users\Administrator\.jdks\corretto-19.0.2\bin\VCRUNTIME140.dll
0x00007ffaa45f0000 - 0x00007ffaa479a000 	C:\Windows\System32\USER32.dll
0x00007ffa74dc0000 - 0x00007ffa7504f000 	C:\Windows\WinSxS\amd64_microsoft.windows.common-controls_6595b64144ccf1df_6.0.22621.2070_none_2713e6537381f706\COMCTL32.dll
0x00007ffaa3b60000 - 0x00007ffaa3b86000 	C:\Windows\System32\win32u.dll
0x00007ffaa44e0000 - 0x00007ffaa4509000 	C:\Windows\System32\GDI32.dll
0x00007ffaa3cf0000 - 0x00007ffaa3e09000 	C:\Windows\System32\gdi32full.dll
0x00007ffaa3c50000 - 0x00007ffaa3cea000 	C:\Windows\System32\msvcp_win.dll
0x00007ffaa5710000 - 0x00007ffaa57b7000 	C:\Windows\System32\msvcrt.dll
0x00007ffaa5fd0000 - 0x00007ffaa6001000 	C:\Windows\System32\IMM32.DLL
0x00007ffa45be0000 - 0x00007ffa45c7b000 	C:\Users\Administrator\.jdks\corretto-19.0.2\bin\msvcp140.dll
0x00007ffa3c350000 - 0x00007ffa3d029000 	C:\Users\Administrator\.jdks\corretto-19.0.2\bin\server\jvm.dll
0x00007ffaa4290000 - 0x00007ffaa4340000 	C:\Windows\System32\ADVAPI32.dll
0x00007ffaa3ef0000 - 0x00007ffaa3f96000 	C:\Windows\System32\sechost.dll
0x00007ffaa40d0000 - 0x00007ffaa41e7000 	C:\Windows\System32\RPCRT4.dll
0x00007ffa86900000 - 0x00007ffa86934000 	C:\Windows\SYSTEM32\WINMM.dll
0x00007ffa8fee0000 - 0x00007ffa8fee9000 	C:\Windows\SYSTEM32\WSOCK32.dll
0x00007ffa99450000 - 0x00007ffa9945a000 	C:\Windows\SYSTEM32\VERSION.dll
0x00007ffaa4bc0000 - 0x00007ffaa4c31000 	C:\Windows\System32\WS2_32.dll
0x00007ffaa23a0000 - 0x00007ffaa23b8000 	C:\Windows\SYSTEM32\kernel.appcore.dll
0x00007ffa673f0000 - 0x00007ffa673fa000 	C:\Users\Administrator\.jdks\corretto-19.0.2\bin\jimage.dll
0x00007ffaa0c20000 - 0x00007ffaa0e4e000 	C:\Windows\SYSTEM32\DBGHELP.DLL
0x00007ffaa5c40000 - 0x00007ffaa5fca000 	C:\Windows\System32\combase.dll
0x00007ffaa3e10000 - 0x00007ffaa3ee7000 	C:\Windows\System32\OLEAUT32.dll
0x00007ffa90bc0000 - 0x00007ffa90bf2000 	C:\Windows\SYSTEM32\dbgcore.DLL
0x00007ffaa3430000 - 0x00007ffaa34aa000 	C:\Windows\System32\bcryptPrimitives.dll
0x00007ffa941c0000 - 0x00007ffa941ce000 	C:\Users\Administrator\.jdks\corretto-19.0.2\bin\instrument.dll
0x00007ffa47af0000 - 0x00007ffa47b16000 	C:\Users\Administrator\.jdks\corretto-19.0.2\bin\java.dll

dbghelp: loaded successfully - version: 4.0.5 - missing functions: none
symbol engine: initialized successfully - sym options: 0x614 - pdb path: .;C:\Users\Administrator\.jdks\corretto-19.0.2\bin;C:\Windows\SYSTEM32;C:\Windows\WinSxS\amd64_microsoft.windows.common-controls_6595b64144ccf1df_6.0.22621.2070_none_2713e6537381f706;C:\Users\Administrator\.jdks\corretto-19.0.2\bin\server

VM Arguments:
jvm_args: -XX:TieredStopAtLevel=1 -Dspring.output.ansi.enabled=always -Dcom.sun.management.jmxremote -Dspring.jmx.enabled=true -Dspring.liveBeansView.mbeanDomain -Dspring.application.admin.enabled=true -Dmanagement.endpoints.jmx.exposure.include=* -javaagent:C:\Program Files\JetBrains\IntelliJ IDEA 2023.2.1\lib\idea_rt.jar=54473:C:\Program Files\JetBrains\IntelliJ IDEA 2023.2.1\bin -Dfile.encoding=UTF-8 -Dsun.stdout.encoding=UTF-8 -Dsun.stderr.encoding=UTF-8 
java_command: com.ufcg.psoft.commerce.CommerceApplication
java_class_path (initial): C:\Users\Administrator\Desktop\psoft\projeto-psoft-grupoexpressopitsa\build\classes\java\main;C:\Users\Administrator\Desktop\psoft\projeto-psoft-grupoexpressopitsa\build\resources\main;C:\Users\Administrator\Desktop\psoft\projeto-psoft-grupoexpressopitsa\build\classes\java\aot;C:\Users\Administrator\Desktop\psoft\projeto-psoft-grupoexpressopitsa\build\resources\aot;C:\Users\Administrator\.gradle\caches\modules-2\files-2.1\org.projectlombok\lombok\1.18.26\8f8cf0372abf564913e9796623aac4c8ea44025a\lombok-1.18.26.jar;C:\Users\Administrator\.gradle\caches\modules-2\files-2.1\org.springframework.boot\spring-boot-starter-data-jpa\3.0.5\3878bf2b2555fc1d38a9ebde0169eec4eaf6bf1c\spring-boot-starter-data-jpa-3.0.5.jar;C:\Users\Administrator\.gradle\caches\modules-2\files-2.1\org.springframework.boot\spring-boot-starter-web\3.0.5\c8f9a85fed134963b69cb2f2a0dcf151047b6cd1\spring-boot-starter-web-3.0.5.jar;C:\Users\Administrator\.gradle\caches\modules-2\files-2.1\org.springframework.boot\spring-boot-starter-validation\3.0.5\be7d9c0a45e887e25e25d48e6ea9b23a9c7a16d0\spring-boot-starter-validation-3.0.5.jar;C:\Users\Administrator\.gradle\caches\modules-2\files-2.1\org.flywaydb\flyway-core\9.5.1\31b91966d200d2a827182ba14cfb8917e8dabb38\flyway-core-9.5.1.jar;C:\Users\Administrator\.gradle\caches\modules-2\files-2.1\org.modelmapper\modelmapper\3.1.1\6636e94590e9d98e5e7db7e4fafcc15e9390e18d\modelmapper-3.1.1.jar;C:\Users\Administrator\.gradle\caches\modules-2\files-2.1\org.springdoc\springdoc-openapi-starter-webmvc-ui\2.1.0\f31615e90b61d18a46a701d5c10e9e505a49a984\springdoc-openapi-starter-webmvc-ui-2.1.0.jar;C:\Users\Administrator\.gradle\caches\modules-2\files-2.1\com.fasterxml.jackson.datatype\jackson-datatype-jsr310\2.14.2\796518148a385b2728d44886cc0f8852eb8eeb53\jackson-datatype-jsr310-2.14.2.jar;C:\Users\Administrator\.gradle\caches\modules-2\files-2.1\org.springframework.boot\spring-boot-starter-aop\3.0.5\99559481bff53a47999f0fc9bdb5d89999a9e8d0\spring-boot-starter-aop-3.0.5.jar;C:\Users\Administrator\.gradle\caches\modules-2\files-2.1\org.springframework.boot\spring-boot-starter-jdbc\3.0.5\289da3f406133ff2f35c4f61fdc43e5112e45404\spring-boot-starter-jdbc-3.0.5.jar;C:\Users\Administrator\.gradle\caches\modules-2\files-2.1\org.hibernate.orm\hibernate-core\6.1.7.Final\343f47b34c96fe9c44bf9b219a7b3c5d6d2fc90e\hibernate-core-6.1.7.Final.jar;C:\Users\Administrator\.gradle\caches\modules-2\files-2.1\org.springframework.data\spring-data-jpa\3.0.4\a2f14d5216cd25bb3c1ea374d4d7c06663525268\spring-data-jpa-3.0.4.jar;C:\Users\Administrator\.gradle\caches\modules-2\files-2.1\org.springframework\spring-aspects\6.0.7\1b4656c722d3a73640ebf9d730f4f4433ceb3204\spring-aspects-6.0.7.jar;C:\Users\Administrator\.gradle\caches\modules-2\files-2.1\org.springframework.boot\spring-boot-starter-json\3.0.5\d9b191badbcc63083770ba111f9290e45e512a54\spring-boot-starter-json-3.0.5.jar;C:\Users\Administrator\.gradle\caches\modules-2\files-2.1\org.springframework.boot\spring-boot-starter\3.0.5\5d13714accd45b2b1af0d5de1495b2ed9a49fe89\spring-boot-starter-3.0.5.jar;C:\Users\Administrator\.gradle\caches\modules-2\files-2.1\org.springframework.boot\spring-boot-starter-tomcat\3.0.5\5dd71e501f2be01a359ef7187e28a523379c23f2\spring-boot-starter-tomcat-3.0.5.jar;C:\Users\Administrator\.gradle\caches\modules-2\files-2.1\org.springframework\spring-webmvc\6.0.7\2fdde1a0d3706a85fe318a4f6ebffb4f4f7c4c6d\spring-webmvc-6.0.7.jar;C:\Users\Administrator\.gradle\caches\modules-2\files-2.1\org.springframework\spring-web\6.0.7\43f8ac9c46c15d57fca00fc81ce1f2849f6cecb9\spring-web-6.0.7.jar;C:\Users\Administrator\.gradle\caches\modules-2\files-2.1\org.apache.tomcat.embed\tomcat-embed-el\10.1.7\dfaad36190c21beaaefb932333f7d955165810bb\tomcat-embed-el-10.1.7.jar;C:\Users\Administrator\.gradle\caches\modules-2\files-2.1\org.hibernate.validator\hibernate-validator\8.0.0.Final\8e0389f22a3a246915a3311877da4168256b95d2\hibernate-validator-8.0.0.Final.jar;C:\Users\Administrator\.gradle\caches\modules-2\files-2.1\com.electronwill.night-config\toml\3.6.6\f300021dfeece6a2907a0e7545574598220e4ef0\toml-3.6.6.jar;C:\Users\Administrator\.gradle\caches\modules-2\files-2.1\org.springdoc\springdoc-openapi-starter-webmvc-api\2.1.0\966fa4ae5e4fbd559062df6b7cb2ec2e9cf23a20\springdoc-openapi-starter-webmvc-api-2.1.0.jar;C:\Users\Administrator\.gradle\caches\modules-2\files-2.1\org.webjars\swagger-ui\4.18.2\2347d066b71cd3d20789b6d143829680b3123d81\swagger-ui-4.18.2.jar;C:\Users\Administrator\.gradle\caches\modules-2\files-2.1\com.fasterxml.jackson.core\jackson-databind\2.14.2\1e71fddbc80bb86f71a6345ac1e8ab8a00e7134\jackson-databind-2.14.2.jar;C:\Users\Administrator\.gradle\caches\modules-2\files-2.1\com.fasterxml.jackson.core\jackson-annotations\2.14.2\a7aae9525864930723e3453ab799521fdfd9d873\jackson-annotations-2.14.2.jar;C:\Users\Administrator\.gradle\caches\modules-2\files-2.1\com.fasterxml.jackson.core\jackson-core\2.14.2\f804090e6399ce0cf78242db086017512dd71fcc\jackson-core-2.14.2.jar;C:\Users\Administrator\.gradle\caches\modules-2\files-2.1\org.springframework\spring-aop\6.0.7\d5b0bb68c88a4027d8e5d42f438088db86f29660\spring-aop-6.0.7.jar;C:\Users\Administrator\.gradle\caches\modules-2\files-2.1\org.aspectj\aspectjweaver\1.9.19\afbffb1210239fbba5cad73093c5b216d515838f\aspectjweaver-1.9.19.jar;C:\Users\Administrator\.gradle\caches\modules-2\files-2.1\com.zaxxer\HikariCP\5.0.1\a74c7f0a37046846e88d54f7cb6ea6d565c65f9c\HikariCP-5.0.1.jar;C:\Users\Administrator\.gradle\caches\modules-2\files-2.1\org.springframework\spring-jdbc\6.0.7\a9ae58a5b4d1e233514528dff570b6601fd5eec6\spring-jdbc-6.0.7.jar;C:\Users\Administrator\.gradle\caches\modules-2\files-2.1\jakarta.persistence\jakarta.persistence-api\3.1.0\66901fa1c373c6aff65c13791cc11da72060a8d6\jakarta.persistence-api-3.1.0.jar;C:\Users\Administrator\.gradle\caches\modules-2\files-2.1\jakarta.transaction\jakarta.transaction-api\2.0.1\51a520e3fae406abb84e2e1148e6746ce3f80a1a\jakarta.transaction-api-2.0.1.jar;C:\Users\Administrator\.gradle\caches\modules-2\files-2.1\org.springframework\spring-context\6.0.7\439a4cc348c87014fa7ae7d20c6498a10283a6cf\spring-context-6.0.7.jar;C:\Users\Administrator\.gradle\caches\modules-2\files-2.1\org.springframework\spring-orm\6.0.7\7e9220ca1c760920b4c9e21ac1011692eaf3240f\spring-orm-6.0.7.jar;C:\Users\Administrator\.gradle\caches\modules-2\files-2.1\org.springframework.data\spring-data-commons\3.0.4\3fb1dacb8a71a36b73a3f1ad22cc8cd3932420b3\spring-data-commons-3.0.4.jar;C:\Users\Administrator\.gradle\caches\modules-2\files-2.1\org.springframework\spring-tx\6.0.7\d062bbaf50e4acb24edda5202a9732fee38e978b\spring-tx-6.0.7.jar;C:\Users\Administrator\.gradle\caches\modules-2\files-2.1\org.springframework\spring-beans\6.0.7\1abeec454cd1a2a40cff11ed5c388228eb021871\spring-beans-6.0.7.jar;C:\Users\Administrator\.gradle\caches\modules-2\files-2.1\org.springframework\spring-core\6.0.7\33ad624acd55c846ec56fd65bd954b23fb2681b3\spring-core-6.0.7.jar;C:\Users\Administrator\.gradle\caches\modules-2\files-2.1\jakarta.annotation\jakarta.annotation-api\2.1.1\48b9bda22b091b1f48b13af03fe36db3be6e1ae3\jakarta.annotation-api-2.1.1.jar;C:\Users\Administrator\.gradle\caches\modules-2\files-2.1\org.slf4j\slf4j-api\2.0.7\41eb7184ea9d556f23e18b5cb99cad1f8581fc00\slf4j-api-2.0.7.jar;C:\Users\Administrator\.gradle\caches\modules-2\files-2.1\com.fasterxml.jackson.datatype\jackson-datatype-jdk8\2.14.2\2f3c71211b6ea7a978eba33574d7135d536e07fb\jackson-datatype-jdk8-2.14.2.jar;C:\Users\Administrator\.gradle\caches\modules-2\files-2.1\com.fasterxml.jackson.module\jackson-module-parameter-names\2.14.2\2b6c19b3d99dda02915515df879ab9e23fed3864\jackson-module-parameter-names-2.14.2.jar;C:\Users\Administrator\.gradle\caches\modules-2\files-2.1\org.springframework.boot\spring-boot-autoconfigure\3.0.5\fa43d48c30a0105562ac8b0fb34e58deaa19737c\spring-boot-autoconfigure-3.0.5.jar;C:\Users\Administrator\.gradle\caches\modules-2\files-2.1\org.springframework.boot\spring-boot\3.0.5\a2aea9c55893accab2c9f3a987b5b58b277bfd42\spring-boot-3.0.5.jar;C:\Users\Administrator\.gradle\caches\modules-2\files-2.1\org.springframework.boot\spring-boot-starter-logging\3.0.5\693455577f6f8c8a53f5992479358e955df74920\spring-boot-starter-logging-3.0.5.jar;C:\Users\Administrator\.gradle\caches\modules-2\files-2.1\org.yaml\snakeyaml\1.33\2cd0a87ff7df953f810c344bdf2fe3340b954c69\snakeyaml-1.33.jar;C:\Users\Administrator\.gradle\caches\modules-2\files-2.1\org.apache.tomcat.embed\tomcat-embed-websocket\10.1.7\2dbb5446ecea57d97293e041142534ad314580ea\tomcat-embed-websocket-10.1.7.jar;C:\Users\Administrator\.gradle\caches\modules-2\files-2.1\org.apache.tomcat.embed\tomcat-embed-core\10.1.7\d486363d49c6536556af38d7e1052d56a39319e5\tomcat-embed-core-10.1.7.jar;C:\Users\Administrator\.gradle\caches\modules-2\files-2.1\org.springframework\spring-expression\6.0.7\c9c93c88d35d02a0291ad7051065544fc0b674a3\spring-expression-6.0.7.jar;C:\Users\Administrator\.gradle\caches\modules-2\files-2.1\io.micrometer\micrometer-observation\1.10.5\88cc220b1480ff39d1744f0413711e82701686a4\micrometer-observation-1.10.5.jar;C:\Users\Administrator\.gradle\caches\modules-2\files-2.1\jakarta.validation\jakarta.validation-api\3.0.2\92b6631659ba35ca09e44874d3eb936edfeee532\jakarta.validation-api-3.0.2.jar;C:\Users\Administrator\.gradle\caches\modules-2\files-2.1\org.jboss.logging\jboss-logging\3.5.0.Final\c19307cc11f28f5e2679347e633a3294d865334d\jboss-logging-3.5.0.Final.jar;C:\Users\Administrator\.gradle\caches\modules-2\files-2.1\com.fasterxml\classmate\1.5.1\3fe0bed568c62df5e89f4f174c101eab25345b6c\classmate-1.5.1.jar;C:\Users\Administrator\.gradle\caches\modules-2\files-2.1\com.electronwill.night-config\core\3.6.6\1dccdc2c372ad0846561a2bd40c9db0543e55863\core-3.6.6.jar;C:\Users\Administrator\.gradle\caches\modules-2\files-2.1\org.springdoc\springdoc-openapi-starter-common\2.1.0\5c66d613cf1a505be1a8b92e60a481dea2c9552c\springdoc-openapi-starter-common-2.1.0.jar;C:\Users\Administrator\.gradle\caches\modules-2\files-2.1\org.springframework\spring-jcl\6.0.7\6250e61ccf71b83204669e0501533278ef7888f8\spring-jcl-6.0.7.jar;C:\Users\Administrator\.gradle\caches\modules-2\files-2.1\ch.qos.logback\logback-classic\1.4.6\61f81fe5d996f077f90a08ff5ca75d01dbe752c3\logback-classic-1.4.6.jar;C:\Users\Administrator\.gradle\caches\modules-2\files-2.1\org.apache.logging.log4j\log4j-to-slf4j\2.19.0\30f4812e43172ecca5041da2cb6b965cc4777c19\log4j-to-slf4j-2.19.0.jar;C:\Users\Administrator\.gradle\caches\modules-2\files-2.1\org.slf4j\jul-to-slf4j\2.0.7\a48f44aeaa8a5ddc347007298a28173ac1fbbd8b\jul-to-slf4j-2.0.7.jar;C:\Users\Administrator\.gradle\caches\modules-2\files-2.1\io.micrometer\micrometer-commons\1.10.5\bb78821020b0e6008e62ee919702b8d4249794d5\micrometer-commons-1.10.5.jar;C:\Users\Administrator\.gradle\caches\modules-2\files-2.1\io.swagger.core.v3\swagger-core-jakarta\2.2.9\c6a36f687fb5fc7160469b8b69463e270024e3e2\swagger-core-jakarta-2.2.9.jar;C:\Users\Administrator\.gradle\caches\modules-2\files-2.1\ch.qos.logback\logback-core\1.4.6\c4eb386f0fe83d61c2e8a91df50bb07e7ea95140\logback-core-1.4.6.jar;C:\Users\Administrator\.gradle\caches\modules-2\files-2.1\org.apache.logging.log4j\log4j-api\2.19.0\ea1b37f38c327596b216542bc636cfdc0b8036fa\log4j-api-2.19.0.jar;C:\Users\Administrator\.gradle\caches\modules-2\files-2.1\com.fasterxml.jackson.dataformat\jackson-dataformat-yaml\2.14.2\cc9a25c1f4212562dcb2fa33dd8ae179ba0e6a4e\jackson-dataformat-yaml-2.14.2.jar;C:\Users\Administrator\.gradle\caches\modules-2\files-2.1\io.swagger.core.v3\swagger-models-jakarta\2.2.9\29f6936e387e42762bdab01938b848a16ead0821\swagger-models-jakarta-2.2.9.jar;C:\Users\Administrator\.gradle\caches\modules-2\files-2.1\org.apache.commons\commons-lang3\3.12.0\c6842c86792ff03b9f1d1fe2aab8dc23aa6c6f0e\commons-lang3-3.12.0.jar;C:\Users\Administrator\.gradle\caches\modules-2\files-2.1\io.swagger.core.v3\swagger-annotations-jakarta\2.2.9\63d247840bb786dd37edd9dd5f3916aba545b44\swagger-annotations-jakarta-2.2.9.jar;C:\Users\Administrator\.gradle\caches\modules-2\files-2.1\jakarta.xml.bind\jakarta.xml.bind-api\4.0.0\bbb399208d288b15ec101fa4fcfc4bd77cedc97a\jakarta.xml.bind-api-4.0.0.jar;C:\Users\Administrator\.gradle\caches\modules-2\files-2.1\jakarta.activation\jakarta.activation-api\2.1.1\88c774ab863a21fb2fc4219af95379fafe499a31\jakarta.activation-api-2.1.1.jar;C:\Users\Administrator\.gradle\caches\modules-2\files-2.1\org.springframework.boot\spring-boot-devtools\3.0.5\1d1cde4e5efafc9f3276eb7a09c29c95db6ee492\spring-boot-devtools-3.0.5.jar;C:\Users\Administrator\.gradle\caches\modules-2\files-2.1\com.h2database\h2\2.1.214\d5c2005c9e3279201e12d4776c948578b16bf8b2\h2-2.1.214.jar;C:\Users\Administrator\.gradle\caches\modules-2\files-2.1\org.hibernate.common\hibernate-commons-annotations\6.0.6.Final\77a5f94b56d49508e0ee334751db5b78e5ccd50c\hibernate-commons-annotations-6.0.6.Final.jar;C:\Users\Administrator\.gradle\caches\modules-2\files-2.1\org.jboss\jandex\2.4.2.Final\1e1c385990b258ff1a24c801e84aebbacf70eb39\jandex-2.4.2.Final.jar;C:\Users\Administrator\.gradle\caches\modules-2\files-2.1\net.bytebuddy\byte-buddy\1.12.23\d470526e8c4566c04e9ae5d3ccb62d1a7aa58986\byte-buddy-1.12.23.jar;C:\Users\Administrator\.gradle\caches\modules-2\files-2.1\org.glassfish.jaxb\jaxb-runtime\4.0.2\e4e4e0c5b0d42054d00dc4023901572a60d368c7\jaxb-runtime-4.0.2.jar;C:\Users\Administrator\.gradle\caches\modules-2\files-2.1\jakarta.inject\jakarta.inject-api\2.0.0\46fc8560b6fd17b78396d88f39c1a730457671f0\jakarta.inject-api-2.0.0.jar;C:\Users\Administrator\.gradle\caches\modules-2\files-2.1\org.antlr\antlr4-runtime\4.10.1\10839f875928f59c622d675091d51a43ea0dc5f7\antlr4-runtime-4.10.1.jar;C:\Users\Administrator\.gradle\caches\modules-2\files-2.1\org.glassfish.jaxb\jaxb-core\4.0.2\8c29249f6c10f4ee08967783831580b0f5c5360\jaxb-core-4.0.2.jar;C:\Users\Administrator\.gradle\caches\modules-2\files-2.1\org.eclipse.angus\angus-activation\2.0.0\72369f4e2314d38de2dcbb277141ef0226f73151\angus-activation-2.0.0.jar;C:\Users\Administrator\.gradle\caches\modules-2\files-2.1\org.glassfish.jaxb\txw2\4.0.2\24e167be69c29ebb7ee0a3b1f9b546f1dfd111fc\txw2-4.0.2.jar;C:\Users\Administrator\.gradle\caches\modules-2\files-2.1\com.sun.istack\istack-commons-runtime\4.1.1\9b3769c76235bc283b060da4fae2318c6d53f07e\istack-commons-runtime-4.1.1.jar
Launcher Type: SUN_STANDARD

[Global flags]
     intx CICompilerCount                          = 3                                         {product} {ergonomic}
     uint ConcGCThreads                            = 1                                         {product} {ergonomic}
     uint G1ConcRefinementThreads                  = 4                                         {product} {ergonomic}
   size_t G1HeapRegionSize                         = 1048576                                   {product} {ergonomic}
    uintx GCDrainStackTargetSize                   = 64                                        {product} {ergonomic}
   size_t InitialHeapSize                          = 134217728                                 {product} {ergonomic}
     bool ManagementServer                         = true                                      {product} {command line}
   size_t MarkStackSize                            = 4194304                                   {product} {ergonomic}
   size_t MaxHeapSize                              = 2128609280                                {product} {ergonomic}
   size_t MinHeapDeltaBytes                        = 1048576                                   {product} {ergonomic}
   size_t MinHeapSize                              = 8388608                                   {product} {ergonomic}
    uintx NonProfiledCodeHeapSize                  = 0                                      {pd product} {ergonomic}
     bool ProfileInterpreter                       = false                                  {pd product} {command line}
    uintx ProfiledCodeHeapSize                     = 0                                      {pd product} {ergonomic}
   size_t SoftMaxHeapSize                          = 2128609280                             {manageable} {ergonomic}
     intx TieredStopAtLevel                        = 1                                         {product} {command line}
     bool UseCompressedClassPointers               = true                           {product lp64_product} {ergonomic}
     bool UseCompressedOops                        = true                           {product lp64_product} {ergonomic}
     bool UseG1GC                                  = true                                      {product} {ergonomic}
     bool UseLargePagesIndividualAllocation        = false                                  {pd product} {ergonomic}

Logging:
Log output configuration:
 #0: stdout all=warning uptime,level,tags foldmultilines=false
 #1: stderr all=off uptime,level,tags foldmultilines=false

Environment Variables:
JAVA_HOME=C:\Program Files\Java\jdk-20
PATH=C:\Program Files\Common Files\Oracle\Java\javapath;C:\Windows\system32;C:\Windows;C:\Windows\System32\Wbem;C:\Windows\System32\WindowsPowerShell\v1.0\;C:\Windows\System32\OpenSSH\;C:\Program Files\dotnet\;C:\Program Files\nodejs\;C:\Program Files (x86)\NVIDIA Corporation\PhysX\Common;C:\ProgramData\chocolatey\bin;C:\Program Files\Git\cmd;C:\Program Files\Java\jdk-20\bin;C:\Program Files\Microsoft SQL Server\Client SDK\ODBC\170\Tools\Binn\;C:\Program Files (x86)\Microsoft SQL Server\150\Tools\Binn\;C:\Program Files\Microsoft SQL Server\150\Tools\Binn\;C:\Program Files\Microsoft SQL Server\150\DTS\Binn\;C:\Program Files (x86)\Microsoft SQL Server\160\DTS\Binn\;C:\Program Files\Azure Data Studio\bin;C:\Users\Administrator\AppData\Local\Microsoft\WindowsApps;C:\Users\Administrator\AppData\Local\Programs\Microsoft VS Code\bin;C:\Users\Administrator\AppData\Roaming\npm;C:\Program Files (x86)\GnuWin32\bin;;C:\Users\Administrator\AppData\Local\Programs\oh-my-posh\bin;C:\ghcup\bin;C:\Users\Administrator\.dotnet\tools;C:\Program Files\Azure Data Studio\bin
USERNAME=Igor Falcão
OS=Windows_NT
PROCESSOR_IDENTIFIER=Intel64 Family 6 Model 158 Stepping 9, GenuineIntel
TMP=C:\Users\ADMINI~1\AppData\Local\Temp
TEMP=C:\Users\ADMINI~1\AppData\Local\Temp



---------------  S Y S T E M  ---------------

OS:
 Windows 11 , 64 bit Build 22621 (10.0.22621.2070)
OS uptime: 0 days 3:44 hours
Hyper-V role detected

CPU: total 4 (initial active 4) (2 cores per cpu, 2 threads per core) family 6 model 158 stepping 9 microcode 0xde, cx8, cmov, fxsr, ht, mmx, 3dnowpref, sse, sse2, sse3, ssse3, sse4.1, sse4.2, popcnt, lzcnt, tsc, tscinvbit, avx, avx2, aes, erms, clmul, bmi1, bmi2, adx, fma, vzeroupper, clflush, clflushopt, hv, rdtscp

Memory: 4k page, system-wide physical 8118M (71M free)
TotalPageFile size 12214M (AvailPageFile size 20M)
current process WorkingSet (physical memory assigned to process): 11M, peak: 11M
current process commit charge ("private bytes"): 45M, peak: 46M

vm_info: OpenJDK 64-Bit Server VM (19.0.2+7-FR) for windows-amd64 JRE (19.0.2+7-FR), built on Jan 13 2023 22:53:32 by "Administrator" with MS VC++ 15.9 (VS2017)

END.
